<?xml version="1.0" encoding="UTF-8"?>
<!-- Generated by org.testng.reporters.JUnitReportReporter -->
<testsuite hostname="LAPTOP-5PHMS7AK" failures="0" tests="2" name="com.testing.FacebookLogin" time="6.609" errors="0" timestamp="2022-10-03T19:04:27 IST" skipped="0">
  <testcase classname="com.testing.FacebookLogin" name="launchChrome" time="6.391"/>
  <system-out/>
  <testcase classname="com.testing.FacebookLogin" name="loginWithChrome" time="0.218"/>
  <system-out/>
</testsuite> <!-- com.testing.FacebookLogin -->
