<?xml version="1.0" encoding="UTF-8"?>
<!-- Generated by org.testng.reporters.JUnitReportReporter -->
<testsuite hostname="LAPTOP-5PHMS7AK" failures="0" tests="1" name="com.demo.E_commerce.test" time="29.370" errors="0" timestamp="2022-10-12T14:57:59 IST" skipped="0">
  <testcase classname="com.demo.E_commerce.test" name="flipkart" time="29.370"/>
  <system-out/>
</testsuite> <!-- com.demo.E_commerce.test -->
